<?xml version="1.0" encoding="UTF-8"?>
<testng-results ignored="0" total="2" passed="2" failed="0" skipped="0">
  <reporter-output>
    <line>
      <![CDATA[onStart]]>
    </line>
    <line>
      <![CDATA[taskNo4]]>
    </line>
    <line>
      <![CDATA[onTestSuccess]]>
    </line>
    <line>
      <![CDATA[testCases]]>
    </line>
    <line>
      <![CDATA[onTestSuccess]]>
    </line>
  </reporter-output>
  <suite started-at="2024-08-08T17:57:20 IST" name="Suite" finished-at="2024-08-08T17:58:11 IST" duration-ms="50576">
    <groups>
    </groups>
    <test started-at="2024-08-08T17:57:20 IST" name="Test" finished-at="2024-08-08T17:58:11 IST" duration-ms="50576">
      <class name="demoWebShop.Task4">
        <test-method is-config="true" signature="preCondition()[pri:0, instance:demoWebShop.Task4@97e93f1]" started-at="2024-08-08T17:57:21 IST" name="preCondition" finished-at="2024-08-08T17:57:30 IST" duration-ms="9185" status="PASS">
          <reporter-output>
          </reporter-output>
        </test-method> <!-- preCondition -->
        <test-method is-config="true" signature="login()[pri:0, instance:demoWebShop.Task4@97e93f1]" started-at="2024-08-08T17:57:30 IST" name="login" finished-at="2024-08-08T17:57:33 IST" duration-ms="2798" status="PASS">
          <reporter-output>
          </reporter-output>
        </test-method> <!-- login -->
        <test-method signature="taskNo4()[pri:0, instance:demoWebShop.Task4@97e93f1]" started-at="2024-08-08T17:57:33 IST" name="taskNo4" finished-at="2024-08-08T17:57:48 IST" duration-ms="14914" status="PASS">
          <reporter-output>
            <line>
              <![CDATA[taskNo4]]>
            </line>
            <line>
              <![CDATA[onTestSuccess]]>
            </line>
          </reporter-output>
        </test-method> <!-- taskNo4 -->
        <test-method is-config="true" signature="Userlogout()[pri:0, instance:demoWebShop.Task4@97e93f1]" started-at="2024-08-08T17:57:48 IST" name="Userlogout" finished-at="2024-08-08T17:57:51 IST" duration-ms="3389" status="PASS">
          <reporter-output>
          </reporter-output>
        </test-method> <!-- Userlogout -->
        <test-method is-config="true" signature="postCondition()[pri:0, instance:demoWebShop.Task4@97e93f1]" started-at="2024-08-08T17:57:51 IST" name="postCondition" finished-at="2024-08-08T17:57:51 IST" duration-ms="575" status="PASS">
          <reporter-output>
          </reporter-output>
        </test-method> <!-- postCondition -->
      </class> <!-- demoWebShop.Task4 -->
      <class name="demoWebShop.Task3">
        <test-method is-config="true" signature="preCondition()[pri:0, instance:demoWebShop.Task3@34bde49d]" started-at="2024-08-08T17:57:51 IST" name="preCondition" finished-at="2024-08-08T17:58:03 IST" duration-ms="11763" status="PASS">
          <reporter-output>
          </reporter-output>
        </test-method> <!-- preCondition -->
        <test-method is-config="true" signature="login()[pri:0, instance:demoWebShop.Task3@34bde49d]" started-at="2024-08-08T17:58:03 IST" name="login" finished-at="2024-08-08T17:58:05 IST" duration-ms="2230" status="PASS">
          <reporter-output>
          </reporter-output>
        </test-method> <!-- login -->
        <test-method signature="testCases()[pri:0, instance:demoWebShop.Task3@34bde49d]" started-at="2024-08-08T17:58:05 IST" name="testCases" finished-at="2024-08-08T17:58:09 IST" duration-ms="3835" status="PASS">
          <reporter-output>
            <line>
              <![CDATA[testCases]]>
            </line>
            <line>
              <![CDATA[onTestSuccess]]>
            </line>
          </reporter-output>
        </test-method> <!-- testCases -->
        <test-method is-config="true" signature="Userlogout()[pri:0, instance:demoWebShop.Task3@34bde49d]" started-at="2024-08-08T17:58:09 IST" name="Userlogout" finished-at="2024-08-08T17:58:10 IST" duration-ms="1016" status="PASS">
          <reporter-output>
          </reporter-output>
        </test-method> <!-- Userlogout -->
        <test-method is-config="true" signature="postCondition()[pri:0, instance:demoWebShop.Task3@34bde49d]" started-at="2024-08-08T17:58:10 IST" name="postCondition" finished-at="2024-08-08T17:58:11 IST" duration-ms="438" status="PASS">
          <reporter-output>
          </reporter-output>
        </test-method> <!-- postCondition -->
      </class> <!-- demoWebShop.Task3 -->
    </test> <!-- Test -->
  </suite> <!-- Suite -->
</testng-results>
